<?xml version="1.0" encoding="UTF-8"?>
<testng-results ignored="0" total="1" passed="1" failed="0" skipped="0">
  <reporter-output>
  </reporter-output>
  <suite started-at="2023-07-24T16:59:34 IST" name="InetBanking" finished-at="2023-07-24T17:00:30 IST" duration-ms="56373">
    <groups>
    </groups>
    <test started-at="2023-07-24T16:59:34 IST" name="Banking app Test" finished-at="2023-07-24T17:00:30 IST" duration-ms="56373">
      <class name="com.inetBanking.testCases.TC_AddNewCustomer_003">
        <test-method is-config="true" signature="setup(java.lang.String)[pri:0, instance:com.inetBanking.testCases.TC_AddNewCustomer_003@7586beff]" started-at="2023-07-24T16:59:34 IST" name="setup" finished-at="2023-07-24T16:59:58 IST" duration-ms="24009" status="PASS">
          <params>
            <param index="0">
              <value>
                <![CDATA[chrome]]>
              </value>
            </param>
          </params>
          <reporter-output>
          </reporter-output>
        </test-method> <!-- setup -->
        <test-method signature="addCustomerTest()[pri:0, instance:com.inetBanking.testCases.TC_AddNewCustomer_003@7586beff]" started-at="2023-07-24T16:59:58 IST" name="addCustomerTest" finished-at="2023-07-24T17:00:30 IST" duration-ms="31763" status="PASS">
          <reporter-output>
          </reporter-output>
        </test-method> <!-- addCustomerTest -->
        <test-method is-config="true" signature="tearDown()[pri:0, instance:com.inetBanking.testCases.TC_AddNewCustomer_003@7586beff]" started-at="2023-07-24T17:00:30 IST" name="tearDown" finished-at="2023-07-24T17:00:30 IST" duration-ms="316" status="PASS">
          <reporter-output>
          </reporter-output>
        </test-method> <!-- tearDown -->
      </class> <!-- com.inetBanking.testCases.TC_AddNewCustomer_003 -->
    </test> <!-- Banking app Test -->
  </suite> <!-- InetBanking -->
</testng-results>
